{"numTotalTestSuites":13,"numPassedTestSuites":1,"numFailedTestSuites":12,"numPendingTestSuites":0,"numTotalTests":29,"numPassedTests":8,"numFailedTests":21,"numPendingTests":0,"numTodoTests":0,"snapshot":{"added":0,"failure":false,"filesAdded":0,"filesRemoved":0,"filesRemovedList":[],"filesUnmatched":0,"filesUpdated":0,"matched":0,"total":0,"unchecked":0,"uncheckedKeysByFile":[],"unmatched":0,"updated":0,"didUpdate":false},"startTime":1762456434741,"success":false,"testResults":[{"assertionResults":[{"ancestorTitles":["ProfilePage Component","Component Rendering"],"fullName":"ProfilePage Component Component Rendering renders ProfilePage with correct title and header","status":"failed","title":"renders ProfilePage with correct title and header","duration":1214.3420000000006,"failureMessages":["Error: Unable to find an element by: [data-testid=\"sub-page-header\"]\n\nIgnored nodes: comments, script, style\n\u001b[36m<body>\u001b[39m\n  \u001b[36m<div\u001b[39m\n    \u001b[33mid\u001b[39m=\u001b[32m\"modal-root\"\u001b[39m\n  \u001b[36m/>\u001b[39m\n  \u001b[36m<div />\u001b[39m\n\u001b[36m</body>\u001b[39m\n    at Proxy.waitForWrapper (C:\\Users\\david\\felony-fitness-app\\node_modules\\@testing-library\\dom\\dist\\wait-for.js:163:27)\n    at C:/Users/david/felony-fitness-app/tests/pages/ProfilePage.test.jsx:123:13\n    at file:///C:/Users/david/felony-fitness-app/node_modules/@vitest/runner/dist/index.js:157:11\n    at file:///C:/Users/david/felony-fitness-app/node_modules/@vitest/runner/dist/index.js:753:26\n    at file:///C:/Users/david/felony-fitness-app/node_modules/@vitest/runner/dist/index.js:1636:20\n    at new Promise (<anonymous>)\n    at runWithTimeout (file:///C:/Users/david/felony-fitness-app/node_modules/@vitest/runner/dist/index.js:1602:10)\n    at runTest (file:///C:/Users/david/felony-fitness-app/node_modules/@vitest/runner/dist/index.js:1309:12)\n    at processTicksAndRejections (node:internal/process/task_queues:105:5)\n    at runSuite (file:///C:/Users/david/felony-fitness-app/node_modules/@vitest/runner/dist/index.js:1468:8)"],"meta":{}},{"ancestorTitles":["ProfilePage Component","Component Rendering"],"fullName":"ProfilePage Component Component Rendering shows loading state initially","status":"passed","title":"shows loading state initially","duration":103.22190000000046,"failureMessages":[],"meta":{}},{"ancestorTitles":["ProfilePage Component","Component Rendering"],"fullName":"ProfilePage Component Component Rendering renders profile form sections","status":"failed","title":"renders profile form sections","duration":1059.9118999999992,"failureMessages":["Error: Unable to find an element with the text: Your Information. This could be because the text is broken up by multiple elements. In this case, you can provide a function for your text matcher to make your matcher more flexible.\n\nIgnored nodes: comments, script, style\n\u001b[36m<body>\u001b[39m\n  \u001b[36m<div />\u001b[39m\n\u001b[36m</body>\u001b[39m\n    at Proxy.waitForWrapper (C:\\Users\\david\\felony-fitness-app\\node_modules\\@testing-library\\dom\\dist\\wait-for.js:163:27)\n    at C:/Users/david/felony-fitness-app/tests/pages/ProfilePage.test.jsx:153:13\n    at file:///C:/Users/david/felony-fitness-app/node_modules/@vitest/runner/dist/index.js:157:11\n    at file:///C:/Users/david/felony-fitness-app/node_modules/@vitest/runner/dist/index.js:753:26\n    at file:///C:/Users/david/felony-fitness-app/node_modules/@vitest/runner/dist/index.js:1636:20\n    at new Promise (<anonymous>)\n    at runWithTimeout (file:///C:/Users/david/felony-fitness-app/node_modules/@vitest/runner/dist/index.js:1602:10)\n    at runTest (file:///C:/Users/david/felony-fitness-app/node_modules/@vitest/runner/dist/index.js:1309:12)\n    at runSuite (file:///C:/Users/david/felony-fitness-app/node_modules/@vitest/runner/dist/index.js:1468:8)\n    at runSuite (file:///C:/Users/david/felony-fitness-app/node_modules/@vitest/runner/dist/index.js:1468:8)"],"meta":{}},{"ancestorTitles":["ProfilePage Component","Profile Form Management"],"fullName":"ProfilePage Component Profile Form Management renders profile form in edit mode by default when no profile exists","status":"failed","title":"renders profile form in edit mode by default when no profile exists","duration":1028.8266000000003,"failureMessages":["Error: Unable to find a label with the text of: /Date of Birth/\n\nIgnored nodes: comments, script, style\n\u001b[36m<body>\u001b[39m\n  \u001b[36m<div />\u001b[39m\n\u001b[36m</body>\u001b[39m\n    at Proxy.waitForWrapper (C:\\Users\\david\\felony-fitness-app\\node_modules\\@testing-library\\dom\\dist\\wait-for.js:163:27)\n    at C:/Users/david/felony-fitness-app/tests/pages/ProfilePage.test.jsx:169:13\n    at file:///C:/Users/david/felony-fitness-app/node_modules/@vitest/runner/dist/index.js:157:11\n    at file:///C:/Users/david/felony-fitness-app/node_modules/@vitest/runner/dist/index.js:753:26\n    at file:///C:/Users/david/felony-fitness-app/node_modules/@vitest/runner/dist/index.js:1636:20\n    at new Promise (<anonymous>)\n    at runWithTimeout (file:///C:/Users/david/felony-fitness-app/node_modules/@vitest/runner/dist/index.js:1602:10)\n    at runTest (file:///C:/Users/david/felony-fitness-app/node_modules/@vitest/runner/dist/index.js:1309:12)\n    at runSuite (file:///C:/Users/david/felony-fitness-app/node_modules/@vitest/runner/dist/index.js:1468:8)\n    at runSuite (file:///C:/Users/david/felony-fitness-app/node_modules/@vitest/runner/dist/index.js:1468:8)"],"meta":{}},{"ancestorTitles":["ProfilePage Component","Profile Form Management"],"fullName":"ProfilePage Component Profile Form Management shows profile in display mode when data exists","status":"passed","title":"shows profile in display mode when data exists","duration":930.2741000000005,"failureMessages":[],"meta":{}},{"ancestorTitles":["ProfilePage Component","Profile Form Management"],"fullName":"ProfilePage Component Profile Form Management switches to edit mode when edit button is clicked","status":"failed","title":"switches to edit mode when edit button is clicked","duration":692.7582999999995,"failureMessages":["Error: [vitest] No \"Phone\" export is defined on the \"lucide-react\" mock. Did you forget to return it from \"vi.mock\"?\nIf you need to partially mock a module, you can use \"importOriginal\" helper inside:\n\n    at VitestMocker.createError (file:///C:/Users/david/felony-fitness-app/node_modules/vitest/dist/chunks/startModuleRunner.BqQUfEjB.js:230:48)\n    at Object.get (file:///C:/Users/david/felony-fitness-app/node_modules/vitest/dist/chunks/startModuleRunner.BqQUfEjB.js:279:16)\n    at ProfilePage (C:/Users/david/felony-fitness-app/src/pages/ProfilePage.jsx:1207:18)\n    at renderWithHooks (C:\\Users\\david\\felony-fitness-app\\node_modules\\react-dom\\cjs\\react-dom.development.js:15486:18)\n    at updateFunctionComponent (C:\\Users\\david\\felony-fitness-app\\node_modules\\react-dom\\cjs\\react-dom.development.js:19617:20)\n    at beginWork (C:\\Users\\david\\felony-fitness-app\\node_modules\\react-dom\\cjs\\react-dom.development.js:21640:16)\n    at beginWork$1 (C:\\Users\\david\\felony-fitness-app\\node_modules\\react-dom\\cjs\\react-dom.development.js:27465:14)\n    at performUnitOfWork (C:\\Users\\david\\felony-fitness-app\\node_modules\\react-dom\\cjs\\react-dom.development.js:26599:12)\n    at workLoopSync (C:\\Users\\david\\felony-fitness-app\\node_modules\\react-dom\\cjs\\react-dom.development.js:26505:5)\n    at renderRootSync (C:\\Users\\david\\felony-fitness-app\\node_modules\\react-dom\\cjs\\react-dom.development.js:26473:7)"],"meta":{}},{"ancestorTitles":["ProfilePage Component","Height Conversion Logic"],"fullName":"ProfilePage Component Height Conversion Logic converts cm to feet and inches correctly","status":"passed","title":"converts cm to feet and inches correctly","duration":76.7533999999996,"failureMessages":[],"meta":{}},{"ancestorTitles":["ProfilePage Component","Height Conversion Logic"],"fullName":"ProfilePage Component Height Conversion Logic handles feet and inches input correctly","status":"failed","title":"handles feet and inches input correctly","duration":1026.418099999999,"failureMessages":["Error: Unable to find a label with the text of: /Date of Birth/\n\nIgnored nodes: comments, script, style\n\u001b[36m<body>\u001b[39m\n  \u001b[36m<div />\u001b[39m\n\u001b[36m</body>\u001b[39m\n    at Proxy.waitForWrapper (C:\\Users\\david\\felony-fitness-app\\node_modules\\@testing-library\\dom\\dist\\wait-for.js:163:27)\n    at C:/Users/david/felony-fitness-app/tests/pages/ProfilePage.test.jsx:273:13\n    at file:///C:/Users/david/felony-fitness-app/node_modules/@vitest/runner/dist/index.js:157:11\n    at file:///C:/Users/david/felony-fitness-app/node_modules/@vitest/runner/dist/index.js:753:26\n    at file:///C:/Users/david/felony-fitness-app/node_modules/@vitest/runner/dist/index.js:1636:20\n    at new Promise (<anonymous>)\n    at runWithTimeout (file:///C:/Users/david/felony-fitness-app/node_modules/@vitest/runner/dist/index.js:1602:10)\n    at runTest (file:///C:/Users/david/felony-fitness-app/node_modules/@vitest/runner/dist/index.js:1309:12)\n    at runSuite (file:///C:/Users/david/felony-fitness-app/node_modules/@vitest/runner/dist/index.js:1468:8)\n    at runSuite (file:///C:/Users/david/felony-fitness-app/node_modules/@vitest/runner/dist/index.js:1468:8)"],"meta":{}},{"ancestorTitles":["ProfilePage Component","Profile Form Validation"],"fullName":"ProfilePage Component Profile Form Validation validates date of birth format","status":"failed","title":"validates date of birth format","duration":1032.9840000000004,"failureMessages":["Error: Unable to find a label with the text of: /Date of Birth/\n\nIgnored nodes: comments, script, style\n\u001b[36m<body>\u001b[39m\n  \u001b[36m<div />\u001b[39m\n\u001b[36m</body>\u001b[39m\n    at Proxy.waitForWrapper (C:\\Users\\david\\felony-fitness-app\\node_modules\\@testing-library\\dom\\dist\\wait-for.js:163:27)\n    at C:/Users/david/felony-fitness-app/tests/pages/ProfilePage.test.jsx:300:13\n    at file:///C:/Users/david/felony-fitness-app/node_modules/@vitest/runner/dist/index.js:157:11\n    at file:///C:/Users/david/felony-fitness-app/node_modules/@vitest/runner/dist/index.js:753:26\n    at file:///C:/Users/david/felony-fitness-app/node_modules/@vitest/runner/dist/index.js:1636:20\n    at new Promise (<anonymous>)\n    at runWithTimeout (file:///C:/Users/david/felony-fitness-app/node_modules/@vitest/runner/dist/index.js:1602:10)\n    at runTest (file:///C:/Users/david/felony-fitness-app/node_modules/@vitest/runner/dist/index.js:1309:12)\n    at runSuite (file:///C:/Users/david/felony-fitness-app/node_modules/@vitest/runner/dist/index.js:1468:8)\n    at runSuite (file:///C:/Users/david/felony-fitness-app/node_modules/@vitest/runner/dist/index.js:1468:8)"],"meta":{}},{"ancestorTitles":["ProfilePage Component","Profile Form Validation"],"fullName":"ProfilePage Component Profile Form Validation validates height range","status":"failed","title":"validates height range","duration":1025.5779000000002,"failureMessages":["Error: Unable to find an element with the placeholder text of: 5\n\nIgnored nodes: comments, script, style\n\u001b[36m<body>\u001b[39m\n  \u001b[36m<div />\u001b[39m\n\u001b[36m</body>\u001b[39m\n    at Proxy.waitForWrapper (C:\\Users\\david\\felony-fitness-app\\node_modules\\@testing-library\\dom\\dist\\wait-for.js:163:27)\n    at C:/Users/david/felony-fitness-app/tests/pages/ProfilePage.test.jsx:326:13\n    at file:///C:/Users/david/felony-fitness-app/node_modules/@vitest/runner/dist/index.js:157:11\n    at file:///C:/Users/david/felony-fitness-app/node_modules/@vitest/runner/dist/index.js:753:26\n    at file:///C:/Users/david/felony-fitness-app/node_modules/@vitest/runner/dist/index.js:1636:20\n    at new Promise (<anonymous>)\n    at runWithTimeout (file:///C:/Users/david/felony-fitness-app/node_modules/@vitest/runner/dist/index.js:1602:10)\n    at runTest (file:///C:/Users/david/felony-fitness-app/node_modules/@vitest/runner/dist/index.js:1309:12)\n    at runSuite (file:///C:/Users/david/felony-fitness-app/node_modules/@vitest/runner/dist/index.js:1468:8)\n    at runSuite (file:///C:/Users/david/felony-fitness-app/node_modules/@vitest/runner/dist/index.js:1468:8)"],"meta":{}},{"ancestorTitles":["ProfilePage Component","Profile Form Validation"],"fullName":"ProfilePage Component Profile Form Validation handles sex constraint validation","status":"failed","title":"handles sex constraint validation","duration":1014.8029999999999,"failureMessages":["Error: Unable to find a label with the text of: /Sex/\n\nIgnored nodes: comments, script, style\n\u001b[36m<body>\u001b[39m\n  \u001b[36m<div />\u001b[39m\n\u001b[36m</body>\u001b[39m\n    at Proxy.waitForWrapper (C:\\Users\\david\\felony-fitness-app\\node_modules\\@testing-library\\dom\\dist\\wait-for.js:163:27)\n    at C:/Users/david/felony-fitness-app/tests/pages/ProfilePage.test.jsx:378:13\n    at file:///C:/Users/david/felony-fitness-app/node_modules/@vitest/runner/dist/index.js:157:11\n    at file:///C:/Users/david/felony-fitness-app/node_modules/@vitest/runner/dist/index.js:753:26\n    at file:///C:/Users/david/felony-fitness-app/node_modules/@vitest/runner/dist/index.js:1636:20\n    at new Promise (<anonymous>)\n    at runWithTimeout (file:///C:/Users/david/felony-fitness-app/node_modules/@vitest/runner/dist/index.js:1602:10)\n    at runTest (file:///C:/Users/david/felony-fitness-app/node_modules/@vitest/runner/dist/index.js:1309:12)\n    at runSuite (file:///C:/Users/david/felony-fitness-app/node_modules/@vitest/runner/dist/index.js:1468:8)\n    at runSuite (file:///C:/Users/david/felony-fitness-app/node_modules/@vitest/runner/dist/index.js:1468:8)"],"meta":{}},{"ancestorTitles":["ProfilePage Component","Profile Form Submission"],"fullName":"ProfilePage Component Profile Form Submission successfully saves profile data","status":"failed","title":"successfully saves profile data","duration":1010.0734000000011,"failureMessages":["Error: Unable to find a label with the text of: /Date of Birth/\n\nIgnored nodes: comments, script, style\n\u001b[36m<body>\u001b[39m\n  \u001b[36m<div />\u001b[39m\n\u001b[36m</body>\u001b[39m\n    at Proxy.waitForWrapper (C:\\Users\\david\\felony-fitness-app\\node_modules\\@testing-library\\dom\\dist\\wait-for.js:163:27)\n    at C:/Users/david/felony-fitness-app/tests/pages/ProfilePage.test.jsx:400:13\n    at file:///C:/Users/david/felony-fitness-app/node_modules/@vitest/runner/dist/index.js:157:11\n    at file:///C:/Users/david/felony-fitness-app/node_modules/@vitest/runner/dist/index.js:753:26\n    at file:///C:/Users/david/felony-fitness-app/node_modules/@vitest/runner/dist/index.js:1636:20\n    at new Promise (<anonymous>)\n    at runWithTimeout (file:///C:/Users/david/felony-fitness-app/node_modules/@vitest/runner/dist/index.js:1602:10)\n    at runTest (file:///C:/Users/david/felony-fitness-app/node_modules/@vitest/runner/dist/index.js:1309:12)\n    at runSuite (file:///C:/Users/david/felony-fitness-app/node_modules/@vitest/runner/dist/index.js:1468:8)\n    at runSuite (file:///C:/Users/david/felony-fitness-app/node_modules/@vitest/runner/dist/index.js:1468:8)"],"meta":{}},{"ancestorTitles":["ProfilePage Component","Profile Form Submission"],"fullName":"ProfilePage Component Profile Form Submission handles profile save errors","status":"failed","title":"handles profile save errors","duration":1021.1032999999989,"failureMessages":["Error: Unable to find role=\"button\" and name `/Save Profile/`\n\nIgnored nodes: comments, script, style\n\u001b[36m<body>\u001b[39m\n  \u001b[36m<div />\u001b[39m\n\u001b[36m</body>\u001b[39m\n    at Proxy.waitForWrapper (C:\\Users\\david\\felony-fitness-app\\node_modules\\@testing-library\\dom\\dist\\wait-for.js:163:27)\n    at C:/Users/david/felony-fitness-app/tests/pages/ProfilePage.test.jsx:442:13\n    at file:///C:/Users/david/felony-fitness-app/node_modules/@vitest/runner/dist/index.js:157:11\n    at file:///C:/Users/david/felony-fitness-app/node_modules/@vitest/runner/dist/index.js:753:26\n    at file:///C:/Users/david/felony-fitness-app/node_modules/@vitest/runner/dist/index.js:1636:20\n    at new Promise (<anonymous>)\n    at runWithTimeout (file:///C:/Users/david/felony-fitness-app/node_modules/@vitest/runner/dist/index.js:1602:10)\n    at runTest (file:///C:/Users/david/felony-fitness-app/node_modules/@vitest/runner/dist/index.js:1309:12)\n    at runSuite (file:///C:/Users/david/felony-fitness-app/node_modules/@vitest/runner/dist/index.js:1468:8)\n    at runSuite (file:///C:/Users/david/felony-fitness-app/node_modules/@vitest/runner/dist/index.js:1468:8)"],"meta":{}},{"ancestorTitles":["ProfilePage Component","Metrics Logging"],"fullName":"ProfilePage Component Metrics Logging renders metrics logging form","status":"failed","title":"renders metrics logging form","duration":1018.2652999999991,"failureMessages":["Error: Unable to find a label with the text of: /Weight \\(lbs\\)/\n\nIgnored nodes: comments, script, style\n\u001b[36m<body>\u001b[39m\n  \u001b[36m<div />\u001b[39m\n\u001b[36m</body>\u001b[39m\n    at Proxy.waitForWrapper (C:\\Users\\david\\felony-fitness-app\\node_modules\\@testing-library\\dom\\dist\\wait-for.js:163:27)\n    at C:/Users/david/felony-fitness-app/tests/pages/ProfilePage.test.jsx:462:13\n    at file:///C:/Users/david/felony-fitness-app/node_modules/@vitest/runner/dist/index.js:157:11\n    at file:///C:/Users/david/felony-fitness-app/node_modules/@vitest/runner/dist/index.js:753:26\n    at file:///C:/Users/david/felony-fitness-app/node_modules/@vitest/runner/dist/index.js:1636:20\n    at new Promise (<anonymous>)\n    at runWithTimeout (file:///C:/Users/david/felony-fitness-app/node_modules/@vitest/runner/dist/index.js:1602:10)\n    at runTest (file:///C:/Users/david/felony-fitness-app/node_modules/@vitest/runner/dist/index.js:1309:12)\n    at runSuite (file:///C:/Users/david/felony-fitness-app/node_modules/@vitest/runner/dist/index.js:1468:8)\n    at runSuite (file:///C:/Users/david/felony-fitness-app/node_modules/@vitest/runner/dist/index.js:1468:8)"],"meta":{}},{"ancestorTitles":["ProfilePage Component","Metrics Logging"],"fullName":"ProfilePage Component Metrics Logging successfully logs weight and body fat measurements","status":"failed","title":"successfully logs weight and body fat measurements","duration":1017.3423999999977,"failureMessages":["Error: Unable to find a label with the text of: /Weight \\(lbs\\)/\n\nIgnored nodes: comments, script, style\n\u001b[36m<body>\u001b[39m\n  \u001b[36m<div />\u001b[39m\n\u001b[36m</body>\u001b[39m\n    at Proxy.waitForWrapper (C:\\Users\\david\\felony-fitness-app\\node_modules\\@testing-library\\dom\\dist\\wait-for.js:163:27)\n    at C:/Users/david/felony-fitness-app/tests/pages/ProfilePage.test.jsx:508:13\n    at file:///C:/Users/david/felony-fitness-app/node_modules/@vitest/runner/dist/index.js:157:11\n    at file:///C:/Users/david/felony-fitness-app/node_modules/@vitest/runner/dist/index.js:753:26\n    at file:///C:/Users/david/felony-fitness-app/node_modules/@vitest/runner/dist/index.js:1636:20\n    at new Promise (<anonymous>)\n    at runWithTimeout (file:///C:/Users/david/felony-fitness-app/node_modules/@vitest/runner/dist/index.js:1602:10)\n    at runTest (file:///C:/Users/david/felony-fitness-app/node_modules/@vitest/runner/dist/index.js:1309:12)\n    at runSuite (file:///C:/Users/david/felony-fitness-app/node_modules/@vitest/runner/dist/index.js:1468:8)\n    at runSuite (file:///C:/Users/david/felony-fitness-app/node_modules/@vitest/runner/dist/index.js:1468:8)"],"meta":{}},{"ancestorTitles":["ProfilePage Component","Metrics Logging"],"fullName":"ProfilePage Component Metrics Logging validates metrics form requires at least one measurement","status":"failed","title":"validates metrics form requires at least one measurement","duration":1011.6539999999986,"failureMessages":["Error: Unable to find role=\"button\" and name `/Save Measurement/`\n\nIgnored nodes: comments, script, style\n\u001b[36m<body>\u001b[39m\n  \u001b[36m<div />\u001b[39m\n\u001b[36m</body>\u001b[39m\n    at Proxy.waitForWrapper (C:\\Users\\david\\felony-fitness-app\\node_modules\\@testing-library\\dom\\dist\\wait-for.js:163:27)\n    at C:/Users/david/felony-fitness-app/tests/pages/ProfilePage.test.jsx:539:13\n    at file:///C:/Users/david/felony-fitness-app/node_modules/@vitest/runner/dist/index.js:157:11\n    at file:///C:/Users/david/felony-fitness-app/node_modules/@vitest/runner/dist/index.js:753:26\n    at file:///C:/Users/david/felony-fitness-app/node_modules/@vitest/runner/dist/index.js:1636:20\n    at new Promise (<anonymous>)\n    at runWithTimeout (file:///C:/Users/david/felony-fitness-app/node_modules/@vitest/runner/dist/index.js:1602:10)\n    at runTest (file:///C:/Users/david/felony-fitness-app/node_modules/@vitest/runner/dist/index.js:1309:12)\n    at runSuite (file:///C:/Users/david/felony-fitness-app/node_modules/@vitest/runner/dist/index.js:1468:8)\n    at runSuite (file:///C:/Users/david/felony-fitness-app/node_modules/@vitest/runner/dist/index.js:1468:8)"],"meta":{}},{"ancestorTitles":["ProfilePage Component","Metrics Logging"],"fullName":"ProfilePage Component Metrics Logging allows logging weight only","status":"failed","title":"allows logging weight only","duration":1020.8192000000017,"failureMessages":["Error: Unable to find a label with the text of: /Weight \\(lbs\\)/\n\nIgnored nodes: comments, script, style\n\u001b[36m<body>\u001b[39m\n  \u001b[36m<div />\u001b[39m\n\u001b[36m</body>\u001b[39m\n    at Proxy.waitForWrapper (C:\\Users\\david\\felony-fitness-app\\node_modules\\@testing-library\\dom\\dist\\wait-for.js:163:27)\n    at C:/Users/david/felony-fitness-app/tests/pages/ProfilePage.test.jsx:563:13\n    at file:///C:/Users/david/felony-fitness-app/node_modules/@vitest/runner/dist/index.js:157:11\n    at file:///C:/Users/david/felony-fitness-app/node_modules/@vitest/runner/dist/index.js:753:26\n    at file:///C:/Users/david/felony-fitness-app/node_modules/@vitest/runner/dist/index.js:1636:20\n    at new Promise (<anonymous>)\n    at runWithTimeout (file:///C:/Users/david/felony-fitness-app/node_modules/@vitest/runner/dist/index.js:1602:10)\n    at runTest (file:///C:/Users/david/felony-fitness-app/node_modules/@vitest/runner/dist/index.js:1309:12)\n    at runSuite (file:///C:/Users/david/felony-fitness-app/node_modules/@vitest/runner/dist/index.js:1468:8)\n    at runSuite (file:///C:/Users/david/felony-fitness-app/node_modules/@vitest/runner/dist/index.js:1468:8)"],"meta":{}},{"ancestorTitles":["ProfilePage Component","Metrics Logging"],"fullName":"ProfilePage Component Metrics Logging allows logging body fat only","status":"failed","title":"allows logging body fat only","duration":1016.1149000000005,"failureMessages":["Error: Unable to find a label with the text of: /Body Fat %/\n\nIgnored nodes: comments, script, style\n\u001b[36m<body>\u001b[39m\n  \u001b[36m<div />\u001b[39m\n\u001b[36m</body>\u001b[39m\n    at Proxy.waitForWrapper (C:\\Users\\david\\felony-fitness-app\\node_modules\\@testing-library\\dom\\dist\\wait-for.js:163:27)\n    at C:/Users/david/felony-fitness-app/tests/pages/ProfilePage.test.jsx:592:13\n    at file:///C:/Users/david/felony-fitness-app/node_modules/@vitest/runner/dist/index.js:157:11\n    at file:///C:/Users/david/felony-fitness-app/node_modules/@vitest/runner/dist/index.js:753:26\n    at file:///C:/Users/david/felony-fitness-app/node_modules/@vitest/runner/dist/index.js:1636:20\n    at new Promise (<anonymous>)\n    at runWithTimeout (file:///C:/Users/david/felony-fitness-app/node_modules/@vitest/runner/dist/index.js:1602:10)\n    at runTest (file:///C:/Users/david/felony-fitness-app/node_modules/@vitest/runner/dist/index.js:1309:12)\n    at runSuite (file:///C:/Users/david/felony-fitness-app/node_modules/@vitest/runner/dist/index.js:1468:8)\n    at runSuite (file:///C:/Users/david/felony-fitness-app/node_modules/@vitest/runner/dist/index.js:1468:8)"],"meta":{}},{"ancestorTitles":["ProfilePage Component","Metrics History Display"],"fullName":"ProfilePage Component Metrics History Display displays metrics history when data exists","status":"failed","title":"displays metrics history when data exists","duration":1023.2296999999999,"failureMessages":["Error: Unable to find an element with the text: 175.5 lbs. This could be because the text is broken up by multiple elements. In this case, you can provide a function for your text matcher to make your matcher more flexible.\n\nIgnored nodes: comments, script, style\n\u001b[36m<body>\u001b[39m\n  \u001b[36m<div />\u001b[39m\n\u001b[36m</body>\u001b[39m\n    at Proxy.waitForWrapper (C:\\Users\\david\\felony-fitness-app\\node_modules\\@testing-library\\dom\\dist\\wait-for.js:163:27)\n    at C:/Users/david/felony-fitness-app/tests/pages/ProfilePage.test.jsx:637:13\n    at file:///C:/Users/david/felony-fitness-app/node_modules/@vitest/runner/dist/index.js:157:11\n    at file:///C:/Users/david/felony-fitness-app/node_modules/@vitest/runner/dist/index.js:753:26\n    at file:///C:/Users/david/felony-fitness-app/node_modules/@vitest/runner/dist/index.js:1636:20\n    at new Promise (<anonymous>)\n    at runWithTimeout (file:///C:/Users/david/felony-fitness-app/node_modules/@vitest/runner/dist/index.js:1602:10)\n    at runTest (file:///C:/Users/david/felony-fitness-app/node_modules/@vitest/runner/dist/index.js:1309:12)\n    at runSuite (file:///C:/Users/david/felony-fitness-app/node_modules/@vitest/runner/dist/index.js:1468:8)\n    at runSuite (file:///C:/Users/david/felony-fitness-app/node_modules/@vitest/runner/dist/index.js:1468:8)"],"meta":{}},{"ancestorTitles":["ProfilePage Component","Metrics History Display"],"fullName":"ProfilePage Component Metrics History Display shows empty state when no metrics history exists","status":"failed","title":"shows empty state when no metrics history exists","duration":1022.0352999999996,"failureMessages":["Error: Unable to find an element with the text: /No measurements yet/i. This could be because the text is broken up by multiple elements. In this case, you can provide a function for your text matcher to make your matcher more flexible.\n\nIgnored nodes: comments, script, style\n\u001b[36m<body>\u001b[39m\n  \u001b[36m<div />\u001b[39m\n\u001b[36m</body>\u001b[39m\n    at Proxy.waitForWrapper (C:\\Users\\david\\felony-fitness-app\\node_modules\\@testing-library\\dom\\dist\\wait-for.js:163:27)\n    at C:/Users/david/felony-fitness-app/tests/pages/ProfilePage.test.jsx:662:13\n    at file:///C:/Users/david/felony-fitness-app/node_modules/@vitest/runner/dist/index.js:157:11\n    at file:///C:/Users/david/felony-fitness-app/node_modules/@vitest/runner/dist/index.js:753:26\n    at file:///C:/Users/david/felony-fitness-app/node_modules/@vitest/runner/dist/index.js:1636:20\n    at new Promise (<anonymous>)\n    at runWithTimeout (file:///C:/Users/david/felony-fitness-app/node_modules/@vitest/runner/dist/index.js:1602:10)\n    at runTest (file:///C:/Users/david/felony-fitness-app/node_modules/@vitest/runner/dist/index.js:1309:12)\n    at runSuite (file:///C:/Users/david/felony-fitness-app/node_modules/@vitest/runner/dist/index.js:1468:8)\n    at runSuite (file:///C:/Users/david/felony-fitness-app/node_modules/@vitest/runner/dist/index.js:1468:8)"],"meta":{}},{"ancestorTitles":["ProfilePage Component","Age Calculation"],"fullName":"ProfilePage Component Age Calculation calculates age correctly from date of birth","status":"passed","title":"calculates age correctly from date of birth","duration":37.400699999998324,"failureMessages":[],"meta":{}},{"ancestorTitles":["ProfilePage Component","Age Calculation"],"fullName":"ProfilePage Component Age Calculation handles null date of birth gracefully","status":"failed","title":"handles null date of birth gracefully","duration":1016.4799999999996,"failureMessages":["Error: Unable to find a label with the text of: /Date of Birth/\n\nIgnored nodes: comments, script, style\n\u001b[36m<body>\u001b[39m\n  \u001b[36m<div />\u001b[39m\n\u001b[36m</body>\u001b[39m\n    at Proxy.waitForWrapper (C:\\Users\\david\\felony-fitness-app\\node_modules\\@testing-library\\dom\\dist\\wait-for.js:163:27)\n    at C:/Users/david/felony-fitness-app/tests/pages/ProfilePage.test.jsx:710:13\n    at file:///C:/Users/david/felony-fitness-app/node_modules/@vitest/runner/dist/index.js:157:11\n    at file:///C:/Users/david/felony-fitness-app/node_modules/@vitest/runner/dist/index.js:753:26\n    at file:///C:/Users/david/felony-fitness-app/node_modules/@vitest/runner/dist/index.js:1636:20\n    at new Promise (<anonymous>)\n    at runWithTimeout (file:///C:/Users/david/felony-fitness-app/node_modules/@vitest/runner/dist/index.js:1602:10)\n    at runTest (file:///C:/Users/david/felony-fitness-app/node_modules/@vitest/runner/dist/index.js:1309:12)\n    at runSuite (file:///C:/Users/david/felony-fitness-app/node_modules/@vitest/runner/dist/index.js:1468:8)\n    at runSuite (file:///C:/Users/david/felony-fitness-app/node_modules/@vitest/runner/dist/index.js:1468:8)"],"meta":{}},{"ancestorTitles":["ProfilePage Component","Error Handling"],"fullName":"ProfilePage Component Error Handling handles database fetch errors gracefully","status":"passed","title":"handles database fetch errors gracefully","duration":28.768199999998615,"failureMessages":[],"meta":{}},{"ancestorTitles":["ProfilePage Component","Error Handling"],"fullName":"ProfilePage Component Error Handling handles unauthenticated user state","status":"failed","title":"handles unauthenticated user state","duration":1018.8017999999975,"failureMessages":["Error: Unable to find role=\"button\" and name `/Save Profile/i`\n\nIgnored nodes: comments, script, style\n\u001b[36m<body>\u001b[39m\n  \u001b[36m<div />\u001b[39m\n\u001b[36m</body>\u001b[39m\n    at Proxy.waitForWrapper (C:\\Users\\david\\felony-fitness-app\\node_modules\\@testing-library\\dom\\dist\\wait-for.js:163:27)\n    at C:/Users/david/felony-fitness-app/tests/pages/ProfilePage.test.jsx:748:13\n    at file:///C:/Users/david/felony-fitness-app/node_modules/@vitest/runner/dist/index.js:157:11\n    at file:///C:/Users/david/felony-fitness-app/node_modules/@vitest/runner/dist/index.js:753:26\n    at file:///C:/Users/david/felony-fitness-app/node_modules/@vitest/runner/dist/index.js:1636:20\n    at new Promise (<anonymous>)\n    at runWithTimeout (file:///C:/Users/david/felony-fitness-app/node_modules/@vitest/runner/dist/index.js:1602:10)\n    at runTest (file:///C:/Users/david/felony-fitness-app/node_modules/@vitest/runner/dist/index.js:1309:12)\n    at runSuite (file:///C:/Users/david/felony-fitness-app/node_modules/@vitest/runner/dist/index.js:1468:8)\n    at runSuite (file:///C:/Users/david/felony-fitness-app/node_modules/@vitest/runner/dist/index.js:1468:8)"],"meta":{}},{"ancestorTitles":["ProfilePage Component","Body Fat Reference Images"],"fullName":"ProfilePage Component Body Fat Reference Images shows body fat images for male","status":"passed","title":"shows body fat images for male","duration":31.061699999998382,"failureMessages":[],"meta":{}},{"ancestorTitles":["ProfilePage Component","Body Fat Reference Images"],"fullName":"ProfilePage Component Body Fat Reference Images shows body fat images for female","status":"passed","title":"shows body fat images for female","duration":32.12709999999788,"failureMessages":[],"meta":{}},{"ancestorTitles":["ProfilePage Component","Body Fat Reference Images"],"fullName":"ProfilePage Component Body Fat Reference Images hides body fat images for other/unspecified gender","status":"passed","title":"hides body fat images for other/unspecified gender","duration":14.660099999997328,"failureMessages":[],"meta":{}},{"ancestorTitles":["ProfilePage Component","Accessibility"],"fullName":"ProfilePage Component Accessibility has proper form labels and ARIA attributes","status":"failed","title":"has proper form labels and ARIA attributes","duration":1015.1803,"failureMessages":["Error: Unable to find a label with the text of: /Date of Birth/\n\nIgnored nodes: comments, script, style\n\u001b[36m<body>\u001b[39m\n  \u001b[36m<div />\u001b[39m\n\u001b[36m</body>\u001b[39m\n    at Proxy.waitForWrapper (C:\\Users\\david\\felony-fitness-app\\node_modules\\@testing-library\\dom\\dist\\wait-for.js:163:27)\n    at C:/Users/david/felony-fitness-app/tests/pages/ProfilePage.test.jsx:847:13\n    at file:///C:/Users/david/felony-fitness-app/node_modules/@vitest/runner/dist/index.js:157:11\n    at file:///C:/Users/david/felony-fitness-app/node_modules/@vitest/runner/dist/index.js:753:26\n    at file:///C:/Users/david/felony-fitness-app/node_modules/@vitest/runner/dist/index.js:1636:20\n    at new Promise (<anonymous>)\n    at runWithTimeout (file:///C:/Users/david/felony-fitness-app/node_modules/@vitest/runner/dist/index.js:1602:10)\n    at runTest (file:///C:/Users/david/felony-fitness-app/node_modules/@vitest/runner/dist/index.js:1309:12)\n    at runSuite (file:///C:/Users/david/felony-fitness-app/node_modules/@vitest/runner/dist/index.js:1468:8)\n    at runSuite (file:///C:/Users/david/felony-fitness-app/node_modules/@vitest/runner/dist/index.js:1468:8)"],"meta":{}},{"ancestorTitles":["ProfilePage Component","Accessibility"],"fullName":"ProfilePage Component Accessibility provides feedback through live regions","status":"failed","title":"provides feedback through live regions","duration":1025.0732000000025,"failureMessages":["Error: Unable to find role=\"button\" and name `/Save Profile/`\n\nIgnored nodes: comments, script, style\n\u001b[36m<body>\u001b[39m\n  \u001b[36m<div />\u001b[39m\n\u001b[36m</body>\u001b[39m\n    at Proxy.waitForWrapper (C:\\Users\\david\\felony-fitness-app\\node_modules\\@testing-library\\dom\\dist\\wait-for.js:163:27)\n    at C:/Users/david/felony-fitness-app/tests/pages/ProfilePage.test.jsx:873:13\n    at file:///C:/Users/david/felony-fitness-app/node_modules/@vitest/runner/dist/index.js:157:11\n    at file:///C:/Users/david/felony-fitness-app/node_modules/@vitest/runner/dist/index.js:753:26\n    at file:///C:/Users/david/felony-fitness-app/node_modules/@vitest/runner/dist/index.js:1636:20\n    at new Promise (<anonymous>)\n    at runWithTimeout (file:///C:/Users/david/felony-fitness-app/node_modules/@vitest/runner/dist/index.js:1602:10)\n    at runTest (file:///C:/Users/david/felony-fitness-app/node_modules/@vitest/runner/dist/index.js:1309:12)\n    at runSuite (file:///C:/Users/david/felony-fitness-app/node_modules/@vitest/runner/dist/index.js:1468:8)\n    at runSuite (file:///C:/Users/david/felony-fitness-app/node_modules/@vitest/runner/dist/index.js:1468:8)"],"meta":{}}],"startTime":1762456644484,"endTime":1762456667076.0732,"status":"failed","message":"","name":"C:/Users/david/felony-fitness-app/tests/pages/ProfilePage.test.jsx"}]}